[0.065s] Invoking command in '/home/teja/ros2_humble/ros2_periodic_tasks/build/periodic_tasks': CMAKE_PREFIX_PATH=${CMAKE_PREFIX_PATH}:/home/teja/ros2_teja/install/periodic_task_scheduler:/opt/ros/humble /usr/bin/cmake /home/teja/ros2_humble/ros2_periodic_tasks/periodic_tasks -DCMAKE_INSTALL_PREFIX=/home/teja/ros2_humble/ros2_periodic_tasks/install/periodic_tasks
[0.251s] -- The C compiler identification is GNU 11.4.0
[0.382s] -- The CXX compiler identification is GNU 11.4.0
[0.405s] -- Detecting C compiler ABI info
[0.597s] -- Detecting C compiler ABI info - done
[0.597s] -- Check for working C compiler: /usr/bin/cc - skipped
[0.598s] -- Detecting C compile features
[0.599s] -- Detecting C compile features - done
[0.602s] -- Detecting CXX compiler ABI info
[0.772s] -- Detecting CXX compiler ABI info - done
[0.780s] -- Check for working CXX compiler: /usr/bin/c++ - skipped
[0.781s] -- Detecting CXX compile features
[0.782s] -- Detecting CXX compile features - done
[0.786s] -- Found ament_cmake: 1.3.10 (/opt/ros/humble/share/ament_cmake/cmake)
[1.108s] -- Found Python3: /usr/bin/python3 (found version "3.10.12") found components: Interpreter 
[1.258s] -- Found rclcpp: 16.0.10 (/opt/ros/humble/share/rclcpp/cmake)
[1.305s] -- Found rosidl_generator_c: 3.1.5 (/opt/ros/humble/share/rosidl_generator_c/cmake)
[1.312s] -- Found rosidl_adapter: 3.1.5 (/opt/ros/humble/share/rosidl_adapter/cmake)
[1.324s] -- Found rosidl_generator_cpp: 3.1.5 (/opt/ros/humble/share/rosidl_generator_cpp/cmake)
[1.342s] -- Using all available rosidl_typesupport_c: rosidl_typesupport_fastrtps_c;rosidl_typesupport_introspection_c
[1.369s] -- Using all available rosidl_typesupport_cpp: rosidl_typesupport_fastrtps_cpp;rosidl_typesupport_introspection_cpp
[1.437s] -- Found rmw_implementation_cmake: 6.1.2 (/opt/ros/humble/share/rmw_implementation_cmake/cmake)
[1.441s] -- Found rmw_fastrtps_cpp: 6.2.7 (/opt/ros/humble/share/rmw_fastrtps_cpp/cmake)
[1.683s] -- Found OpenSSL: /usr/lib/x86_64-linux-gnu/libcrypto.so (found version "3.0.2")  
[1.725s] -- Found FastRTPS: /opt/ros/humble/include  
[1.783s] -- Using RMW implementation 'rmw_fastrtps_cpp' as default
[1.798s] -- Looking for pthread.h
[1.952s] -- Looking for pthread.h - found
[1.952s] -- Performing Test CMAKE_HAVE_LIBC_PTHREAD
[2.124s] -- Performing Test CMAKE_HAVE_LIBC_PTHREAD - Success
[2.125s] -- Found Threads: TRUE  
[2.326s] -- Configuring done
[2.338s] -- Generating done
[2.342s] -- Build files have been written to: /home/teja/ros2_humble/ros2_periodic_tasks/build/periodic_tasks
[2.362s] Invoked command in '/home/teja/ros2_humble/ros2_periodic_tasks/build/periodic_tasks' returned '0': CMAKE_PREFIX_PATH=${CMAKE_PREFIX_PATH}:/home/teja/ros2_teja/install/periodic_task_scheduler:/opt/ros/humble /usr/bin/cmake /home/teja/ros2_humble/ros2_periodic_tasks/periodic_tasks -DCMAKE_INSTALL_PREFIX=/home/teja/ros2_humble/ros2_periodic_tasks/install/periodic_tasks
[2.363s] Invoking command in '/home/teja/ros2_humble/ros2_periodic_tasks/build/periodic_tasks': CMAKE_PREFIX_PATH=${CMAKE_PREFIX_PATH}:/home/teja/ros2_teja/install/periodic_task_scheduler:/opt/ros/humble /usr/bin/cmake --build /home/teja/ros2_humble/ros2_periodic_tasks/build/periodic_tasks -- -j2 -l2
[2.501s] [ 50%] [32mBuilding CXX object CMakeFiles/periodic_task_node.dir/src/periodic_task_node.cpp.o[0m
[7.973s] [100%] [32m[1mLinking CXX executable periodic_task_node[0m
[8.205s] [100%] Built target periodic_task_node
[8.226s] Invoked command in '/home/teja/ros2_humble/ros2_periodic_tasks/build/periodic_tasks' returned '0': CMAKE_PREFIX_PATH=${CMAKE_PREFIX_PATH}:/home/teja/ros2_teja/install/periodic_task_scheduler:/opt/ros/humble /usr/bin/cmake --build /home/teja/ros2_humble/ros2_periodic_tasks/build/periodic_tasks -- -j2 -l2
[8.361s] Invoking command in '/home/teja/ros2_humble/ros2_periodic_tasks/build/periodic_tasks': CMAKE_PREFIX_PATH=${CMAKE_PREFIX_PATH}:/home/teja/ros2_teja/install/periodic_task_scheduler:/opt/ros/humble /usr/bin/cmake --install /home/teja/ros2_humble/ros2_periodic_tasks/build/periodic_tasks
[8.376s] -- Install configuration: ""
[8.376s] -- Installing: /home/teja/ros2_humble/ros2_periodic_tasks/install/periodic_tasks/lib/periodic_tasks/periodic_task_node
[8.377s] -- Set runtime path of "/home/teja/ros2_humble/ros2_periodic_tasks/install/periodic_tasks/lib/periodic_tasks/periodic_task_node" to ""
[8.378s] -- Installing: /home/teja/ros2_humble/ros2_periodic_tasks/install/periodic_tasks/share/ament_index/resource_index/package_run_dependencies/periodic_tasks
[8.378s] -- Installing: /home/teja/ros2_humble/ros2_periodic_tasks/install/periodic_tasks/share/ament_index/resource_index/parent_prefix_path/periodic_tasks
[8.379s] -- Installing: /home/teja/ros2_humble/ros2_periodic_tasks/install/periodic_tasks/share/periodic_tasks/environment/ament_prefix_path.sh
[8.379s] -- Installing: /home/teja/ros2_humble/ros2_periodic_tasks/install/periodic_tasks/share/periodic_tasks/environment/ament_prefix_path.dsv
[8.381s] -- Installing: /home/teja/ros2_humble/ros2_periodic_tasks/install/periodic_tasks/share/periodic_tasks/environment/path.sh
[8.381s] -- Installing: /home/teja/ros2_humble/ros2_periodic_tasks/install/periodic_tasks/share/periodic_tasks/environment/path.dsv
[8.381s] -- Installing: /home/teja/ros2_humble/ros2_periodic_tasks/install/periodic_tasks/share/periodic_tasks/local_setup.bash
[8.382s] -- Installing: /home/teja/ros2_humble/ros2_periodic_tasks/install/periodic_tasks/share/periodic_tasks/local_setup.sh
[8.382s] -- Installing: /home/teja/ros2_humble/ros2_periodic_tasks/install/periodic_tasks/share/periodic_tasks/local_setup.zsh
[8.382s] -- Installing: /home/teja/ros2_humble/ros2_periodic_tasks/install/periodic_tasks/share/periodic_tasks/local_setup.dsv
[8.384s] -- Installing: /home/teja/ros2_humble/ros2_periodic_tasks/install/periodic_tasks/share/periodic_tasks/package.dsv
[8.385s] -- Installing: /home/teja/ros2_humble/ros2_periodic_tasks/install/periodic_tasks/share/ament_index/resource_index/packages/periodic_tasks
[8.385s] -- Installing: /home/teja/ros2_humble/ros2_periodic_tasks/install/periodic_tasks/share/periodic_tasks/cmake/periodic_tasksConfig.cmake
[8.386s] -- Installing: /home/teja/ros2_humble/ros2_periodic_tasks/install/periodic_tasks/share/periodic_tasks/cmake/periodic_tasksConfig-version.cmake
[8.386s] -- Installing: /home/teja/ros2_humble/ros2_periodic_tasks/install/periodic_tasks/share/periodic_tasks/package.xml
[8.389s] Invoked command in '/home/teja/ros2_humble/ros2_periodic_tasks/build/periodic_tasks' returned '0': CMAKE_PREFIX_PATH=${CMAKE_PREFIX_PATH}:/home/teja/ros2_teja/install/periodic_task_scheduler:/opt/ros/humble /usr/bin/cmake --install /home/teja/ros2_humble/ros2_periodic_tasks/build/periodic_tasks
