[0.152s] DEBUG:colcon:Command line arguments: ['/usr/bin/colcon', 'build']
[0.152s] DEBUG:colcon:Parsed command line arguments: Namespace(log_base=None, log_level=None, verb_name='build', build_base='build', install_base='install', merge_install=False, symlink_install=False, test_result_base=None, continue_on_error=False, executor='parallel', parallel_workers=2, event_handlers=None, ignore_user_meta=False, metas=['./colcon.meta'], base_paths=['.'], packages_ignore=None, packages_ignore_regex=None, paths=None, packages_up_to=None, packages_up_to_regex=None, packages_above=None, packages_above_and_dependencies=None, packages_above_depth=None, packages_select_by_dep=None, packages_skip_by_dep=None, packages_skip_up_to=None, packages_select_build_failed=False, packages_skip_build_finished=False, packages_select_test_failures=False, packages_skip_test_passed=False, packages_select=None, packages_skip=None, packages_select_regex=None, packages_skip_regex=None, packages_start=None, packages_end=None, allow_overriding=[], cmake_args=None, cmake_target=None, cmake_target_skip_unavailable=False, cmake_clean_cache=False, cmake_clean_first=False, cmake_force_configure=False, ament_cmake_args=None, catkin_cmake_args=None, catkin_skip_building_tests=False, mixin_files=None, mixin=None, verb_parser=<colcon_mixin.mixin.mixin_argument.MixinArgumentDecorator object at 0x7ff4373267a0>, verb_extension=<colcon_core.verb.build.BuildVerb object at 0x7ff43743ed70>, main=<bound method BuildVerb.main of <colcon_core.verb.build.BuildVerb object at 0x7ff43743ed70>>, mixin_verb=('build',))
[0.343s] Level 1:colcon.colcon_core.package_discovery:discover_packages(colcon_meta) check parameters
[0.343s] Level 1:colcon.colcon_core.package_discovery:discover_packages(recursive) check parameters
[0.343s] Level 1:colcon.colcon_core.package_discovery:discover_packages(ignore) check parameters
[0.344s] Level 1:colcon.colcon_core.package_discovery:discover_packages(path) check parameters
[0.344s] Level 1:colcon.colcon_core.package_discovery:discover_packages(colcon_meta) discover
[0.344s] Level 1:colcon.colcon_core.package_discovery:discover_packages(recursive) discover
[0.344s] INFO:colcon.colcon_core.package_discovery:Crawling recursively for packages in '/home/teja/ros2_humble/ros2_periodic_tasks'
[0.344s] Level 1:colcon.colcon_core.package_identification:_identify(.) by extensions ['ignore', 'ignore_ament_install']
[0.344s] Level 1:colcon.colcon_core.package_identification:_identify(.) by extension 'ignore'
[0.344s] Level 1:colcon.colcon_core.package_identification:_identify(.) by extension 'ignore_ament_install'
[0.344s] Level 1:colcon.colcon_core.package_identification:_identify(.) by extensions ['colcon_pkg']
[0.344s] Level 1:colcon.colcon_core.package_identification:_identify(.) by extension 'colcon_pkg'
[0.344s] Level 1:colcon.colcon_core.package_identification:_identify(.) by extensions ['colcon_meta']
[0.344s] Level 1:colcon.colcon_core.package_identification:_identify(.) by extension 'colcon_meta'
[0.344s] Level 1:colcon.colcon_core.package_identification:_identify(.) by extensions ['ros']
[0.344s] Level 1:colcon.colcon_core.package_identification:_identify(.) by extension 'ros'
[0.357s] Level 1:colcon.colcon_core.package_identification:_identify(.) by extensions ['cmake', 'python']
[0.357s] Level 1:colcon.colcon_core.package_identification:_identify(.) by extension 'cmake'
[0.357s] Level 1:colcon.colcon_core.package_identification:_identify(.) by extension 'python'
[0.357s] Level 1:colcon.colcon_core.package_identification:_identify(.) by extensions ['python_setup_py']
[0.357s] Level 1:colcon.colcon_core.package_identification:_identify(.) by extension 'python_setup_py'
[0.357s] Level 1:colcon.colcon_core.package_identification:_identify(build) by extensions ['ignore', 'ignore_ament_install']
[0.357s] Level 1:colcon.colcon_core.package_identification:_identify(build) by extension 'ignore'
[0.357s] Level 1:colcon.colcon_core.package_identification:_identify(build) ignored
[0.357s] Level 1:colcon.colcon_core.package_identification:_identify(install) by extensions ['ignore', 'ignore_ament_install']
[0.358s] Level 1:colcon.colcon_core.package_identification:_identify(install) by extension 'ignore'
[0.358s] Level 1:colcon.colcon_core.package_identification:_identify(install) ignored
[0.358s] Level 1:colcon.colcon_core.package_identification:_identify(log) by extensions ['ignore', 'ignore_ament_install']
[0.358s] Level 1:colcon.colcon_core.package_identification:_identify(log) by extension 'ignore'
[0.358s] Level 1:colcon.colcon_core.package_identification:_identify(log) ignored
[0.358s] Level 1:colcon.colcon_core.package_identification:_identify(periodic_tasks) by extensions ['ignore', 'ignore_ament_install']
[0.358s] Level 1:colcon.colcon_core.package_identification:_identify(periodic_tasks) by extension 'ignore'
[0.358s] Level 1:colcon.colcon_core.package_identification:_identify(periodic_tasks) by extension 'ignore_ament_install'
[0.358s] Level 1:colcon.colcon_core.package_identification:_identify(periodic_tasks) by extensions ['colcon_pkg']
[0.358s] Level 1:colcon.colcon_core.package_identification:_identify(periodic_tasks) by extension 'colcon_pkg'
[0.358s] Level 1:colcon.colcon_core.package_identification:_identify(periodic_tasks) by extensions ['colcon_meta']
[0.358s] Level 1:colcon.colcon_core.package_identification:_identify(periodic_tasks) by extension 'colcon_meta'
[0.358s] Level 1:colcon.colcon_core.package_identification:_identify(periodic_tasks) by extensions ['ros']
[0.358s] Level 1:colcon.colcon_core.package_identification:_identify(periodic_tasks) by extension 'ros'
[0.361s] DEBUG:colcon.colcon_core.package_identification:Package 'periodic_tasks' with type 'ros.ament_cmake' and name 'periodic_tasks'
[0.361s] Level 1:colcon.colcon_core.package_identification:_identify(src) by extensions ['ignore', 'ignore_ament_install']
[0.361s] Level 1:colcon.colcon_core.package_identification:_identify(src) by extension 'ignore'
[0.361s] Level 1:colcon.colcon_core.package_identification:_identify(src) by extension 'ignore_ament_install'
[0.361s] Level 1:colcon.colcon_core.package_identification:_identify(src) by extensions ['colcon_pkg']
[0.361s] Level 1:colcon.colcon_core.package_identification:_identify(src) by extension 'colcon_pkg'
[0.361s] Level 1:colcon.colcon_core.package_identification:_identify(src) by extensions ['colcon_meta']
[0.361s] Level 1:colcon.colcon_core.package_identification:_identify(src) by extension 'colcon_meta'
[0.361s] Level 1:colcon.colcon_core.package_identification:_identify(src) by extensions ['ros']
[0.361s] Level 1:colcon.colcon_core.package_identification:_identify(src) by extension 'ros'
[0.362s] Level 1:colcon.colcon_core.package_identification:_identify(src) by extensions ['cmake', 'python']
[0.362s] Level 1:colcon.colcon_core.package_identification:_identify(src) by extension 'cmake'
[0.362s] Level 1:colcon.colcon_core.package_identification:_identify(src) by extension 'python'
[0.362s] Level 1:colcon.colcon_core.package_identification:_identify(src) by extensions ['python_setup_py']
[0.362s] Level 1:colcon.colcon_core.package_identification:_identify(src) by extension 'python_setup_py'
[0.362s] Level 1:colcon.colcon_core.package_discovery:discover_packages(recursive) using defaults
[0.362s] Level 1:colcon.colcon_core.package_discovery:discover_packages(ignore) discover
[0.362s] Level 1:colcon.colcon_core.package_discovery:discover_packages(ignore) using defaults
[0.362s] Level 1:colcon.colcon_core.package_discovery:discover_packages(path) discover
[0.362s] Level 1:colcon.colcon_core.package_discovery:discover_packages(path) using defaults
[0.384s] Level 1:colcon.colcon_core.package_discovery:discover_packages(prefix_path) check parameters
[0.384s] Level 1:colcon.colcon_core.package_discovery:discover_packages(prefix_path) discover
[0.385s] WARNING:colcon.colcon_core.prefix_path.colcon:The path '/home/teja/ros2_teja/install' in the environment variable COLCON_PREFIX_PATH doesn't exist
[0.386s] WARNING:colcon.colcon_ros.prefix_path.ament:The path '/home/teja/ros2_humble/ros2_periodic_tasks/install/periodic_tasks' in the environment variable AMENT_PREFIX_PATH doesn't exist
[0.387s] WARNING:colcon.colcon_ros.prefix_path.ament:The path '/home/teja/ros2_teja/install/periodic_task_scheduler' in the environment variable AMENT_PREFIX_PATH doesn't exist
[0.387s] WARNING:colcon.colcon_ros.prefix_path.catkin:The path '/home/teja/ros2_humble/ros2_periodic_tasks/install/periodic_tasks' in the environment variable CMAKE_PREFIX_PATH doesn't exist
[0.388s] DEBUG:colcon.colcon_installed_package_information.package_discovery:Found 0 installed packages in /home/teja/ros2_humble/ros2_periodic_tasks/install
[0.388s] DEBUG:colcon.colcon_installed_package_information.package_discovery:Found 1 installed packages in /home/teja/ros2_humble/ros2_periodic_tasks/periodic_tasks/install
[0.390s] DEBUG:colcon.colcon_installed_package_information.package_discovery:Found 270 installed packages in /opt/ros/humble
[0.404s] Level 1:colcon.colcon_core.package_discovery:discover_packages(prefix_path) using defaults
[0.453s] Level 5:colcon.colcon_core.verb:set package 'periodic_tasks' build argument 'cmake_args' from command line to 'None'
[0.453s] Level 5:colcon.colcon_core.verb:set package 'periodic_tasks' build argument 'cmake_target' from command line to 'None'
[0.453s] Level 5:colcon.colcon_core.verb:set package 'periodic_tasks' build argument 'cmake_target_skip_unavailable' from command line to 'False'
[0.453s] Level 5:colcon.colcon_core.verb:set package 'periodic_tasks' build argument 'cmake_clean_cache' from command line to 'False'
[0.453s] Level 5:colcon.colcon_core.verb:set package 'periodic_tasks' build argument 'cmake_clean_first' from command line to 'False'
[0.453s] Level 5:colcon.colcon_core.verb:set package 'periodic_tasks' build argument 'cmake_force_configure' from command line to 'False'
[0.453s] Level 5:colcon.colcon_core.verb:set package 'periodic_tasks' build argument 'ament_cmake_args' from command line to 'None'
[0.453s] Level 5:colcon.colcon_core.verb:set package 'periodic_tasks' build argument 'catkin_cmake_args' from command line to 'None'
[0.453s] Level 5:colcon.colcon_core.verb:set package 'periodic_tasks' build argument 'catkin_skip_building_tests' from command line to 'False'
[0.453s] DEBUG:colcon.colcon_core.verb:Building package 'periodic_tasks' with the following arguments: {'ament_cmake_args': None, 'build_base': '/home/teja/ros2_humble/ros2_periodic_tasks/build/periodic_tasks', 'catkin_cmake_args': None, 'catkin_skip_building_tests': False, 'cmake_args': None, 'cmake_clean_cache': False, 'cmake_clean_first': False, 'cmake_force_configure': False, 'cmake_target': None, 'cmake_target_skip_unavailable': False, 'install_base': '/home/teja/ros2_humble/ros2_periodic_tasks/install/periodic_tasks', 'merge_install': False, 'path': '/home/teja/ros2_humble/ros2_periodic_tasks/periodic_tasks', 'symlink_install': False, 'test_result_base': None}
[0.453s] INFO:colcon.colcon_core.executor:Executing jobs using 'parallel' executor
[0.456s] DEBUG:colcon.colcon_parallel_executor.executor.parallel:run_until_complete
[0.456s] INFO:colcon.colcon_ros.task.ament_cmake.build:Building ROS package in '/home/teja/ros2_humble/ros2_periodic_tasks/periodic_tasks' with build type 'ament_cmake'
[0.456s] INFO:colcon.colcon_cmake.task.cmake.build:Building CMake package in '/home/teja/ros2_humble/ros2_periodic_tasks/periodic_tasks'
[0.458s] INFO:colcon.colcon_core.plugin_system:Skipping extension 'colcon_core.shell.bat': Not used on non-Windows systems
[0.458s] INFO:colcon.colcon_core.shell:Skip shell extension 'powershell' for command environment: Not usable outside of PowerShell
[0.458s] DEBUG:colcon.colcon_core.shell:Skip shell extension 'dsv' for command environment
[0.530s] DEBUG:colcon.colcon_core.event_handler.log_command:Invoking command in '/home/teja/ros2_humble/ros2_periodic_tasks/build/periodic_tasks': CMAKE_PREFIX_PATH=${CMAKE_PREFIX_PATH}:/home/teja/ros2_teja/install/periodic_task_scheduler:/opt/ros/humble /usr/bin/cmake /home/teja/ros2_humble/ros2_periodic_tasks/periodic_tasks -DCMAKE_INSTALL_PREFIX=/home/teja/ros2_humble/ros2_periodic_tasks/install/periodic_tasks
[2.828s] DEBUG:colcon.colcon_core.event_handler.log_command:Invoked command in '/home/teja/ros2_humble/ros2_periodic_tasks/build/periodic_tasks' returned '0': CMAKE_PREFIX_PATH=${CMAKE_PREFIX_PATH}:/home/teja/ros2_teja/install/periodic_task_scheduler:/opt/ros/humble /usr/bin/cmake /home/teja/ros2_humble/ros2_periodic_tasks/periodic_tasks -DCMAKE_INSTALL_PREFIX=/home/teja/ros2_humble/ros2_periodic_tasks/install/periodic_tasks
[2.828s] DEBUG:colcon.colcon_core.event_handler.log_command:Invoking command in '/home/teja/ros2_humble/ros2_periodic_tasks/build/periodic_tasks': CMAKE_PREFIX_PATH=${CMAKE_PREFIX_PATH}:/home/teja/ros2_teja/install/periodic_task_scheduler:/opt/ros/humble /usr/bin/cmake --build /home/teja/ros2_humble/ros2_periodic_tasks/build/periodic_tasks -- -j2 -l2
[8.692s] DEBUG:colcon.colcon_core.event_handler.log_command:Invoked command in '/home/teja/ros2_humble/ros2_periodic_tasks/build/periodic_tasks' returned '0': CMAKE_PREFIX_PATH=${CMAKE_PREFIX_PATH}:/home/teja/ros2_teja/install/periodic_task_scheduler:/opt/ros/humble /usr/bin/cmake --build /home/teja/ros2_humble/ros2_periodic_tasks/build/periodic_tasks -- -j2 -l2
[8.827s] DEBUG:colcon.colcon_core.event_handler.log_command:Invoking command in '/home/teja/ros2_humble/ros2_periodic_tasks/build/periodic_tasks': CMAKE_PREFIX_PATH=${CMAKE_PREFIX_PATH}:/home/teja/ros2_teja/install/periodic_task_scheduler:/opt/ros/humble /usr/bin/cmake --install /home/teja/ros2_humble/ros2_periodic_tasks/build/periodic_tasks
[8.854s] Level 1:colcon.colcon_core.environment:create_environment_scripts_only(periodic_tasks)
[8.854s] DEBUG:colcon.colcon_core.event_handler.log_command:Invoked command in '/home/teja/ros2_humble/ros2_periodic_tasks/build/periodic_tasks' returned '0': CMAKE_PREFIX_PATH=${CMAKE_PREFIX_PATH}:/home/teja/ros2_teja/install/periodic_task_scheduler:/opt/ros/humble /usr/bin/cmake --install /home/teja/ros2_humble/ros2_periodic_tasks/build/periodic_tasks
[8.859s] Level 1:colcon.colcon_core.environment:checking '/home/teja/ros2_humble/ros2_periodic_tasks/install/periodic_tasks' for CMake module files
[8.860s] Level 1:colcon.colcon_core.environment:checking '/home/teja/ros2_humble/ros2_periodic_tasks/install/periodic_tasks' for CMake config files
[8.860s] Level 1:colcon.colcon_core.shell:create_environment_hook('periodic_tasks', 'cmake_prefix_path')
[8.861s] INFO:colcon.colcon_core.shell:Creating environment hook '/home/teja/ros2_humble/ros2_periodic_tasks/install/periodic_tasks/share/periodic_tasks/hook/cmake_prefix_path.ps1'
[8.861s] INFO:colcon.colcon_core.shell:Creating environment descriptor '/home/teja/ros2_humble/ros2_periodic_tasks/install/periodic_tasks/share/periodic_tasks/hook/cmake_prefix_path.dsv'
[8.863s] INFO:colcon.colcon_core.shell:Creating environment hook '/home/teja/ros2_humble/ros2_periodic_tasks/install/periodic_tasks/share/periodic_tasks/hook/cmake_prefix_path.sh'
[8.864s] Level 1:colcon.colcon_core.environment:checking '/home/teja/ros2_humble/ros2_periodic_tasks/install/periodic_tasks/lib'
[8.865s] Level 1:colcon.colcon_core.environment:checking '/home/teja/ros2_humble/ros2_periodic_tasks/install/periodic_tasks/bin'
[8.865s] Level 1:colcon.colcon_core.environment:checking '/home/teja/ros2_humble/ros2_periodic_tasks/install/periodic_tasks/lib/pkgconfig/periodic_tasks.pc'
[8.865s] Level 1:colcon.colcon_core.environment:checking '/home/teja/ros2_humble/ros2_periodic_tasks/install/periodic_tasks/lib/python3.10/site-packages'
[8.866s] Level 1:colcon.colcon_core.environment:checking '/home/teja/ros2_humble/ros2_periodic_tasks/install/periodic_tasks/bin'
[8.866s] INFO:colcon.colcon_core.shell:Creating package script '/home/teja/ros2_humble/ros2_periodic_tasks/install/periodic_tasks/share/periodic_tasks/package.ps1'
[8.868s] INFO:colcon.colcon_core.shell:Creating package descriptor '/home/teja/ros2_humble/ros2_periodic_tasks/install/periodic_tasks/share/periodic_tasks/package.dsv'
[8.868s] INFO:colcon.colcon_core.shell:Creating package script '/home/teja/ros2_humble/ros2_periodic_tasks/install/periodic_tasks/share/periodic_tasks/package.sh'
[8.872s] INFO:colcon.colcon_core.shell:Creating package script '/home/teja/ros2_humble/ros2_periodic_tasks/install/periodic_tasks/share/periodic_tasks/package.bash'
[8.873s] INFO:colcon.colcon_core.shell:Creating package script '/home/teja/ros2_humble/ros2_periodic_tasks/install/periodic_tasks/share/periodic_tasks/package.zsh'
[8.874s] Level 1:colcon.colcon_core.environment:create_file_with_runtime_dependencies(/home/teja/ros2_humble/ros2_periodic_tasks/install/periodic_tasks/share/colcon-core/packages/periodic_tasks)
[8.985s] Level 1:colcon.colcon_core.environment:create_environment_scripts_only(periodic_tasks)
[8.985s] Level 1:colcon.colcon_core.environment:checking '/home/teja/ros2_humble/ros2_periodic_tasks/install/periodic_tasks' for CMake module files
[8.986s] Level 1:colcon.colcon_core.environment:checking '/home/teja/ros2_humble/ros2_periodic_tasks/install/periodic_tasks' for CMake config files
[8.986s] Level 1:colcon.colcon_core.shell:create_environment_hook('periodic_tasks', 'cmake_prefix_path')
[8.986s] INFO:colcon.colcon_core.shell:Creating environment hook '/home/teja/ros2_humble/ros2_periodic_tasks/install/periodic_tasks/share/periodic_tasks/hook/cmake_prefix_path.ps1'
[8.987s] INFO:colcon.colcon_core.shell:Creating environment descriptor '/home/teja/ros2_humble/ros2_periodic_tasks/install/periodic_tasks/share/periodic_tasks/hook/cmake_prefix_path.dsv'
[8.989s] INFO:colcon.colcon_core.shell:Creating environment hook '/home/teja/ros2_humble/ros2_periodic_tasks/install/periodic_tasks/share/periodic_tasks/hook/cmake_prefix_path.sh'
[8.990s] Level 1:colcon.colcon_core.environment:checking '/home/teja/ros2_humble/ros2_periodic_tasks/install/periodic_tasks/lib'
[8.990s] Level 1:colcon.colcon_core.environment:checking '/home/teja/ros2_humble/ros2_periodic_tasks/install/periodic_tasks/bin'
[8.990s] Level 1:colcon.colcon_core.environment:checking '/home/teja/ros2_humble/ros2_periodic_tasks/install/periodic_tasks/lib/pkgconfig/periodic_tasks.pc'
[8.991s] Level 1:colcon.colcon_core.environment:checking '/home/teja/ros2_humble/ros2_periodic_tasks/install/periodic_tasks/lib/python3.10/site-packages'
[8.991s] Level 1:colcon.colcon_core.environment:checking '/home/teja/ros2_humble/ros2_periodic_tasks/install/periodic_tasks/bin'
[8.991s] INFO:colcon.colcon_core.shell:Creating package script '/home/teja/ros2_humble/ros2_periodic_tasks/install/periodic_tasks/share/periodic_tasks/package.ps1'
[8.995s] INFO:colcon.colcon_core.shell:Creating package descriptor '/home/teja/ros2_humble/ros2_periodic_tasks/install/periodic_tasks/share/periodic_tasks/package.dsv'
[8.997s] INFO:colcon.colcon_core.shell:Creating package script '/home/teja/ros2_humble/ros2_periodic_tasks/install/periodic_tasks/share/periodic_tasks/package.sh'
[8.999s] INFO:colcon.colcon_core.shell:Creating package script '/home/teja/ros2_humble/ros2_periodic_tasks/install/periodic_tasks/share/periodic_tasks/package.bash'
[9.001s] INFO:colcon.colcon_core.shell:Creating package script '/home/teja/ros2_humble/ros2_periodic_tasks/install/periodic_tasks/share/periodic_tasks/package.zsh'
[9.003s] Level 1:colcon.colcon_core.environment:create_file_with_runtime_dependencies(/home/teja/ros2_humble/ros2_periodic_tasks/install/periodic_tasks/share/colcon-core/packages/periodic_tasks)
[9.003s] DEBUG:colcon.colcon_parallel_executor.executor.parallel:closing loop
[9.004s] DEBUG:colcon.colcon_parallel_executor.executor.parallel:loop closed
[9.004s] DEBUG:colcon.colcon_parallel_executor.executor.parallel:run_until_complete finished with '0'
[9.004s] DEBUG:colcon.colcon_core.event_reactor:joining thread
[9.011s] INFO:colcon.colcon_core.plugin_system:Skipping extension 'colcon_notification.desktop_notification.terminal_notifier': Not used on non-Darwin systems
[9.011s] INFO:colcon.colcon_core.plugin_system:Skipping extension 'colcon_notification.desktop_notification.win32': Not used on non-Windows systems
[9.011s] INFO:colcon.colcon_notification.desktop_notification:Sending desktop notification using 'notify2'
[9.044s] DEBUG:colcon.colcon_core.event_reactor:joined thread
[9.046s] INFO:colcon.colcon_core.shell:Creating prefix script '/home/teja/ros2_humble/ros2_periodic_tasks/install/local_setup.ps1'
[9.047s] INFO:colcon.colcon_core.shell:Creating prefix util module '/home/teja/ros2_humble/ros2_periodic_tasks/install/_local_setup_util_ps1.py'
[9.048s] INFO:colcon.colcon_core.shell:Creating prefix chain script '/home/teja/ros2_humble/ros2_periodic_tasks/install/setup.ps1'
[9.049s] INFO:colcon.colcon_core.shell:Creating prefix script '/home/teja/ros2_humble/ros2_periodic_tasks/install/local_setup.sh'
[9.050s] INFO:colcon.colcon_core.shell:Creating prefix util module '/home/teja/ros2_humble/ros2_periodic_tasks/install/_local_setup_util_sh.py'
[9.050s] INFO:colcon.colcon_core.shell:Creating prefix chain script '/home/teja/ros2_humble/ros2_periodic_tasks/install/setup.sh'
[9.052s] INFO:colcon.colcon_core.shell:Creating prefix script '/home/teja/ros2_humble/ros2_periodic_tasks/install/local_setup.bash'
[9.054s] INFO:colcon.colcon_core.shell:Creating prefix chain script '/home/teja/ros2_humble/ros2_periodic_tasks/install/setup.bash'
[9.055s] INFO:colcon.colcon_core.shell:Creating prefix script '/home/teja/ros2_humble/ros2_periodic_tasks/install/local_setup.zsh'
[9.056s] INFO:colcon.colcon_core.shell:Creating prefix chain script '/home/teja/ros2_humble/ros2_periodic_tasks/install/setup.zsh'
