[0.108s] Invoking command in '/home/teja/ros2_humble/ros2_periodic_tasks/build/periodic_tasks': CMAKE_PREFIX_PATH=${CMAKE_PREFIX_PATH}:/home/teja/ros2_teja/install/periodic_task_scheduler:/opt/ros/humble /usr/bin/cmake --build /home/teja/ros2_humble/ros2_periodic_tasks/build/periodic_tasks -- -j2 -l2
[0.202s] [35m[1mConsolidate compiler generated dependencies of target periodic_task_node[0m
[0.238s] [100%] Built target periodic_task_node
[0.262s] Invoked command in '/home/teja/ros2_humble/ros2_periodic_tasks/build/periodic_tasks' returned '0': CMAKE_PREFIX_PATH=${CMAKE_PREFIX_PATH}:/home/teja/ros2_teja/install/periodic_task_scheduler:/opt/ros/humble /usr/bin/cmake --build /home/teja/ros2_humble/ros2_periodic_tasks/build/periodic_tasks -- -j2 -l2
[0.405s] Invoking command in '/home/teja/ros2_humble/ros2_periodic_tasks/build/periodic_tasks': CMAKE_PREFIX_PATH=${CMAKE_PREFIX_PATH}:/home/teja/ros2_teja/install/periodic_task_scheduler:/opt/ros/humble /usr/bin/cmake --install /home/teja/ros2_humble/ros2_periodic_tasks/build/periodic_tasks
[0.421s] -- Install configuration: ""
[0.421s] -- Up-to-date: /home/teja/ros2_humble/ros2_periodic_tasks/install/periodic_tasks/lib/periodic_tasks/periodic_task_node
[0.421s] -- Up-to-date: /home/teja/ros2_humble/ros2_periodic_tasks/install/periodic_tasks/share/ament_index/resource_index/package_run_dependencies/periodic_tasks
[0.422s] -- Up-to-date: /home/teja/ros2_humble/ros2_periodic_tasks/install/periodic_tasks/share/ament_index/resource_index/parent_prefix_path/periodic_tasks
[0.422s] -- Up-to-date: /home/teja/ros2_humble/ros2_periodic_tasks/install/periodic_tasks/share/periodic_tasks/environment/ament_prefix_path.sh
[0.422s] -- Up-to-date: /home/teja/ros2_humble/ros2_periodic_tasks/install/periodic_tasks/share/periodic_tasks/environment/ament_prefix_path.dsv
[0.424s] -- Up-to-date: /home/teja/ros2_humble/ros2_periodic_tasks/install/periodic_tasks/share/periodic_tasks/environment/path.sh
[0.424s] -- Up-to-date: /home/teja/ros2_humble/ros2_periodic_tasks/install/periodic_tasks/share/periodic_tasks/environment/path.dsv
[0.424s] -- Up-to-date: /home/teja/ros2_humble/ros2_periodic_tasks/install/periodic_tasks/share/periodic_tasks/local_setup.bash
[0.425s] -- Up-to-date: /home/teja/ros2_humble/ros2_periodic_tasks/install/periodic_tasks/share/periodic_tasks/local_setup.sh
[0.425s] -- Up-to-date: /home/teja/ros2_humble/ros2_periodic_tasks/install/periodic_tasks/share/periodic_tasks/local_setup.zsh
[0.425s] -- Up-to-date: /home/teja/ros2_humble/ros2_periodic_tasks/install/periodic_tasks/share/periodic_tasks/local_setup.dsv
[0.425s] -- Installing: /home/teja/ros2_humble/ros2_periodic_tasks/install/periodic_tasks/share/periodic_tasks/package.dsv
[0.425s] -- Up-to-date: /home/teja/ros2_humble/ros2_periodic_tasks/install/periodic_tasks/share/ament_index/resource_index/packages/periodic_tasks
[0.425s] -- Up-to-date: /home/teja/ros2_humble/ros2_periodic_tasks/install/periodic_tasks/share/periodic_tasks/cmake/periodic_tasksConfig.cmake
[0.425s] -- Up-to-date: /home/teja/ros2_humble/ros2_periodic_tasks/install/periodic_tasks/share/periodic_tasks/cmake/periodic_tasksConfig-version.cmake
[0.426s] -- Up-to-date: /home/teja/ros2_humble/ros2_periodic_tasks/install/periodic_tasks/share/periodic_tasks/package.xml
[0.429s] Invoked command in '/home/teja/ros2_humble/ros2_periodic_tasks/build/periodic_tasks' returned '0': CMAKE_PREFIX_PATH=${CMAKE_PREFIX_PATH}:/home/teja/ros2_teja/install/periodic_task_scheduler:/opt/ros/humble /usr/bin/cmake --install /home/teja/ros2_humble/ros2_periodic_tasks/build/periodic_tasks
