[0.168s] DEBUG:colcon:Command line arguments: ['/usr/bin/colcon', 'build']
[0.168s] DEBUG:colcon:Parsed command line arguments: Namespace(log_base=None, log_level=None, verb_name='build', build_base='build', install_base='install', merge_install=False, symlink_install=False, test_result_base=None, continue_on_error=False, executor='parallel', parallel_workers=2, event_handlers=None, ignore_user_meta=False, metas=['./colcon.meta'], base_paths=['.'], packages_ignore=None, packages_ignore_regex=None, paths=None, packages_up_to=None, packages_up_to_regex=None, packages_above=None, packages_above_and_dependencies=None, packages_above_depth=None, packages_select_by_dep=None, packages_skip_by_dep=None, packages_skip_up_to=None, packages_select_build_failed=False, packages_skip_build_finished=False, packages_select_test_failures=False, packages_skip_test_passed=False, packages_select=None, packages_skip=None, packages_select_regex=None, packages_skip_regex=None, packages_start=None, packages_end=None, allow_overriding=[], cmake_args=None, cmake_target=None, cmake_target_skip_unavailable=False, cmake_clean_cache=False, cmake_clean_first=False, cmake_force_configure=False, ament_cmake_args=None, catkin_cmake_args=None, catkin_skip_building_tests=False, mixin_files=None, mixin=None, verb_parser=<colcon_mixin.mixin.mixin_argument.MixinArgumentDecorator object at 0x7751da54a7a0>, verb_extension=<colcon_core.verb.build.BuildVerb object at 0x7751da65ed70>, main=<bound method BuildVerb.main of <colcon_core.verb.build.BuildVerb object at 0x7751da65ed70>>, mixin_verb=('build',))
[0.406s] Level 1:colcon.colcon_core.package_discovery:discover_packages(colcon_meta) check parameters
[0.406s] Level 1:colcon.colcon_core.package_discovery:discover_packages(recursive) check parameters
[0.406s] Level 1:colcon.colcon_core.package_discovery:discover_packages(ignore) check parameters
[0.406s] Level 1:colcon.colcon_core.package_discovery:discover_packages(path) check parameters
[0.406s] Level 1:colcon.colcon_core.package_discovery:discover_packages(colcon_meta) discover
[0.406s] Level 1:colcon.colcon_core.package_discovery:discover_packages(recursive) discover
[0.406s] INFO:colcon.colcon_core.package_discovery:Crawling recursively for packages in '/home/teja/ros2_humble/ros2_periodic_tasks/periodic_tasks'
[0.407s] Level 1:colcon.colcon_core.package_identification:_identify(.) by extensions ['ignore', 'ignore_ament_install']
[0.407s] Level 1:colcon.colcon_core.package_identification:_identify(.) by extension 'ignore'
[0.407s] Level 1:colcon.colcon_core.package_identification:_identify(.) by extension 'ignore_ament_install'
[0.407s] Level 1:colcon.colcon_core.package_identification:_identify(.) by extensions ['colcon_pkg']
[0.407s] Level 1:colcon.colcon_core.package_identification:_identify(.) by extension 'colcon_pkg'
[0.407s] Level 1:colcon.colcon_core.package_identification:_identify(.) by extensions ['colcon_meta']
[0.407s] Level 1:colcon.colcon_core.package_identification:_identify(.) by extension 'colcon_meta'
[0.407s] Level 1:colcon.colcon_core.package_identification:_identify(.) by extensions ['ros']
[0.407s] Level 1:colcon.colcon_core.package_identification:_identify(.) by extension 'ros'
[0.428s] DEBUG:colcon.colcon_core.package_identification:Package '.' with type 'ros.ament_cmake' and name 'periodic_tasks'
[0.428s] Level 1:colcon.colcon_core.package_discovery:discover_packages(recursive) using defaults
[0.428s] Level 1:colcon.colcon_core.package_discovery:discover_packages(ignore) discover
[0.428s] Level 1:colcon.colcon_core.package_discovery:discover_packages(ignore) using defaults
[0.428s] Level 1:colcon.colcon_core.package_discovery:discover_packages(path) discover
[0.428s] Level 1:colcon.colcon_core.package_discovery:discover_packages(path) using defaults
[0.459s] Level 1:colcon.colcon_core.package_discovery:discover_packages(prefix_path) check parameters
[0.459s] Level 1:colcon.colcon_core.package_discovery:discover_packages(prefix_path) discover
[0.460s] WARNING:colcon.colcon_core.prefix_path.colcon:The path '/home/teja/ros2_teja/install' in the environment variable COLCON_PREFIX_PATH doesn't exist
[0.460s] WARNING:colcon.colcon_ros.prefix_path.ament:The path '/home/teja/ros2_teja/install/periodic_task_scheduler' in the environment variable AMENT_PREFIX_PATH doesn't exist
[0.461s] DEBUG:colcon.colcon_installed_package_information.package_discovery:Found 1 installed packages in /home/teja/ros2_humble/ros2_periodic_tasks/install
[0.463s] DEBUG:colcon.colcon_installed_package_information.package_discovery:Found 270 installed packages in /opt/ros/humble
[0.479s] Level 1:colcon.colcon_core.package_discovery:discover_packages(prefix_path) using defaults
[0.551s] Level 5:colcon.colcon_core.verb:set package 'periodic_tasks' build argument 'cmake_args' from command line to 'None'
[0.551s] Level 5:colcon.colcon_core.verb:set package 'periodic_tasks' build argument 'cmake_target' from command line to 'None'
[0.551s] Level 5:colcon.colcon_core.verb:set package 'periodic_tasks' build argument 'cmake_target_skip_unavailable' from command line to 'False'
[0.551s] Level 5:colcon.colcon_core.verb:set package 'periodic_tasks' build argument 'cmake_clean_cache' from command line to 'False'
[0.551s] Level 5:colcon.colcon_core.verb:set package 'periodic_tasks' build argument 'cmake_clean_first' from command line to 'False'
[0.551s] Level 5:colcon.colcon_core.verb:set package 'periodic_tasks' build argument 'cmake_force_configure' from command line to 'False'
[0.551s] Level 5:colcon.colcon_core.verb:set package 'periodic_tasks' build argument 'ament_cmake_args' from command line to 'None'
[0.551s] Level 5:colcon.colcon_core.verb:set package 'periodic_tasks' build argument 'catkin_cmake_args' from command line to 'None'
[0.551s] Level 5:colcon.colcon_core.verb:set package 'periodic_tasks' build argument 'catkin_skip_building_tests' from command line to 'False'
[0.551s] DEBUG:colcon.colcon_core.verb:Building package 'periodic_tasks' with the following arguments: {'ament_cmake_args': None, 'build_base': '/home/teja/ros2_humble/ros2_periodic_tasks/periodic_tasks/build/periodic_tasks', 'catkin_cmake_args': None, 'catkin_skip_building_tests': False, 'cmake_args': None, 'cmake_clean_cache': False, 'cmake_clean_first': False, 'cmake_force_configure': False, 'cmake_target': None, 'cmake_target_skip_unavailable': False, 'install_base': '/home/teja/ros2_humble/ros2_periodic_tasks/periodic_tasks/install/periodic_tasks', 'merge_install': False, 'path': '/home/teja/ros2_humble/ros2_periodic_tasks/periodic_tasks', 'symlink_install': False, 'test_result_base': None}
[0.551s] INFO:colcon.colcon_core.executor:Executing jobs using 'parallel' executor
[0.553s] DEBUG:colcon.colcon_parallel_executor.executor.parallel:run_until_complete
[0.554s] INFO:colcon.colcon_ros.task.ament_cmake.build:Building ROS package in '/home/teja/ros2_humble/ros2_periodic_tasks/periodic_tasks' with build type 'ament_cmake'
[0.554s] INFO:colcon.colcon_cmake.task.cmake.build:Building CMake package in '/home/teja/ros2_humble/ros2_periodic_tasks/periodic_tasks'
[0.559s] INFO:colcon.colcon_core.plugin_system:Skipping extension 'colcon_core.shell.bat': Not used on non-Windows systems
[0.560s] INFO:colcon.colcon_core.shell:Skip shell extension 'powershell' for command environment: Not usable outside of PowerShell
[0.560s] DEBUG:colcon.colcon_core.shell:Skip shell extension 'dsv' for command environment
[0.577s] DEBUG:colcon.colcon_core.event_handler.log_command:Invoking command in '/home/teja/ros2_humble/ros2_periodic_tasks/periodic_tasks/build/periodic_tasks': CMAKE_PREFIX_PATH=/home/teja/ros2_teja/install/periodic_task_scheduler:/opt/ros/humble /usr/bin/cmake /home/teja/ros2_humble/ros2_periodic_tasks/periodic_tasks -DCMAKE_INSTALL_PREFIX=/home/teja/ros2_humble/ros2_periodic_tasks/periodic_tasks/install/periodic_tasks
[3.054s] DEBUG:colcon.colcon_core.event_handler.log_command:Invoked command in '/home/teja/ros2_humble/ros2_periodic_tasks/periodic_tasks/build/periodic_tasks' returned '0': CMAKE_PREFIX_PATH=/home/teja/ros2_teja/install/periodic_task_scheduler:/opt/ros/humble /usr/bin/cmake /home/teja/ros2_humble/ros2_periodic_tasks/periodic_tasks -DCMAKE_INSTALL_PREFIX=/home/teja/ros2_humble/ros2_periodic_tasks/periodic_tasks/install/periodic_tasks
[3.060s] DEBUG:colcon.colcon_core.event_handler.log_command:Invoking command in '/home/teja/ros2_humble/ros2_periodic_tasks/periodic_tasks/build/periodic_tasks': CMAKE_PREFIX_PATH=/home/teja/ros2_teja/install/periodic_task_scheduler:/opt/ros/humble /usr/bin/cmake --build /home/teja/ros2_humble/ros2_periodic_tasks/periodic_tasks/build/periodic_tasks -- -j2 -l2
[8.448s] DEBUG:colcon.colcon_core.event_handler.log_command:Invoked command in '/home/teja/ros2_humble/ros2_periodic_tasks/periodic_tasks/build/periodic_tasks' returned '2': CMAKE_PREFIX_PATH=/home/teja/ros2_teja/install/periodic_task_scheduler:/opt/ros/humble /usr/bin/cmake --build /home/teja/ros2_humble/ros2_periodic_tasks/periodic_tasks/build/periodic_tasks -- -j2 -l2
[8.552s] Level 1:colcon.colcon_core.environment:create_environment_scripts_only(periodic_tasks)
[8.557s] Level 1:colcon.colcon_core.environment:checking '/home/teja/ros2_humble/ros2_periodic_tasks/periodic_tasks/install/periodic_tasks' for CMake module files
[8.557s] Level 1:colcon.colcon_core.environment:checking '/home/teja/ros2_humble/ros2_periodic_tasks/periodic_tasks/install/periodic_tasks' for CMake config files
[8.558s] Level 1:colcon.colcon_core.environment:checking '/home/teja/ros2_humble/ros2_periodic_tasks/periodic_tasks/install/periodic_tasks/bin'
[8.558s] Level 1:colcon.colcon_core.environment:checking '/home/teja/ros2_humble/ros2_periodic_tasks/periodic_tasks/install/periodic_tasks/lib/pkgconfig/periodic_tasks.pc'
[8.558s] Level 1:colcon.colcon_core.environment:checking '/home/teja/ros2_humble/ros2_periodic_tasks/periodic_tasks/install/periodic_tasks/lib/python3.10/site-packages'
[8.559s] Level 1:colcon.colcon_core.environment:checking '/home/teja/ros2_humble/ros2_periodic_tasks/periodic_tasks/install/periodic_tasks/bin'
[8.559s] INFO:colcon.colcon_core.shell:Creating package script '/home/teja/ros2_humble/ros2_periodic_tasks/periodic_tasks/install/periodic_tasks/share/periodic_tasks/package.ps1'
[8.560s] INFO:colcon.colcon_core.shell:Creating package descriptor '/home/teja/ros2_humble/ros2_periodic_tasks/periodic_tasks/install/periodic_tasks/share/periodic_tasks/package.dsv'
[8.561s] INFO:colcon.colcon_core.shell:Creating package script '/home/teja/ros2_humble/ros2_periodic_tasks/periodic_tasks/install/periodic_tasks/share/periodic_tasks/package.sh'
[8.562s] INFO:colcon.colcon_core.shell:Creating package script '/home/teja/ros2_humble/ros2_periodic_tasks/periodic_tasks/install/periodic_tasks/share/periodic_tasks/package.bash'
[8.563s] INFO:colcon.colcon_core.shell:Creating package script '/home/teja/ros2_humble/ros2_periodic_tasks/periodic_tasks/install/periodic_tasks/share/periodic_tasks/package.zsh'
[8.564s] Level 1:colcon.colcon_core.environment:create_file_with_runtime_dependencies(/home/teja/ros2_humble/ros2_periodic_tasks/periodic_tasks/install/periodic_tasks/share/colcon-core/packages/periodic_tasks)
[8.578s] DEBUG:colcon.colcon_parallel_executor.executor.parallel:closing loop
[8.578s] DEBUG:colcon.colcon_parallel_executor.executor.parallel:loop closed
[8.578s] DEBUG:colcon.colcon_parallel_executor.executor.parallel:run_until_complete finished with '2'
[8.578s] DEBUG:colcon.colcon_core.event_reactor:joining thread
[8.591s] INFO:colcon.colcon_core.plugin_system:Skipping extension 'colcon_notification.desktop_notification.terminal_notifier': Not used on non-Darwin systems
[8.592s] INFO:colcon.colcon_core.plugin_system:Skipping extension 'colcon_notification.desktop_notification.win32': Not used on non-Windows systems
[8.592s] INFO:colcon.colcon_notification.desktop_notification:Sending desktop notification using 'notify2'
[8.630s] DEBUG:colcon.colcon_core.event_reactor:joined thread
[8.630s] INFO:colcon.colcon_core.shell:Creating prefix script '/home/teja/ros2_humble/ros2_periodic_tasks/periodic_tasks/install/local_setup.ps1'
[8.631s] INFO:colcon.colcon_core.shell:Creating prefix util module '/home/teja/ros2_humble/ros2_periodic_tasks/periodic_tasks/install/_local_setup_util_ps1.py'
[8.633s] INFO:colcon.colcon_core.shell:Creating prefix chain script '/home/teja/ros2_humble/ros2_periodic_tasks/periodic_tasks/install/setup.ps1'
[8.634s] INFO:colcon.colcon_core.shell:Creating prefix script '/home/teja/ros2_humble/ros2_periodic_tasks/periodic_tasks/install/local_setup.sh'
[8.635s] INFO:colcon.colcon_core.shell:Creating prefix util module '/home/teja/ros2_humble/ros2_periodic_tasks/periodic_tasks/install/_local_setup_util_sh.py'
[8.636s] INFO:colcon.colcon_core.shell:Creating prefix chain script '/home/teja/ros2_humble/ros2_periodic_tasks/periodic_tasks/install/setup.sh'
[8.638s] INFO:colcon.colcon_core.shell:Creating prefix script '/home/teja/ros2_humble/ros2_periodic_tasks/periodic_tasks/install/local_setup.bash'
[8.639s] INFO:colcon.colcon_core.shell:Creating prefix chain script '/home/teja/ros2_humble/ros2_periodic_tasks/periodic_tasks/install/setup.bash'
[8.640s] INFO:colcon.colcon_core.shell:Creating prefix script '/home/teja/ros2_humble/ros2_periodic_tasks/periodic_tasks/install/local_setup.zsh'
[8.641s] INFO:colcon.colcon_core.shell:Creating prefix chain script '/home/teja/ros2_humble/ros2_periodic_tasks/periodic_tasks/install/setup.zsh'
